<?xml version="1.0" encoding="UTF-8"?>
<testsuite xmlns:xsi="http://www.w3.org/2001/XMLSchema-instance" xsi:noNamespaceSchemaLocation="https://maven.apache.org/surefire/maven-surefire-plugin/xsd/surefire-test-report-3.0.xsd" version="3.0" name="resource.TestDataBuild" time="0.441" tests="0" errors="0" skipped="0" failures="0">
  <properties>
    <property name="java.specification.version" value="19"/>
    <property name="sun.cpu.isalist" value="amd64"/>
    <property name="sun.jnu.encoding" value="Cp1252"/>
    <property name="java.class.path" value="C:\Users\DEERAJ KUMAR\IdeaProjects\Api automation\target\test-classes;C:\Users\DEERAJ KUMAR\IdeaProjects\Api automation\target\classes;C:\Users\DEERAJ KUMAR\.m2\repository\com\microsoft\playwright\playwright\1.35.0\playwright-1.35.0.jar;C:\Users\DEERAJ KUMAR\.m2\repository\com\google\code\gson\gson\2.8.9\gson-2.8.9.jar;C:\Users\DEERAJ KUMAR\.m2\repository\org\opentest4j\opentest4j\1.2.0\opentest4j-1.2.0.jar;C:\Users\DEERAJ KUMAR\.m2\repository\com\microsoft\playwright\driver\1.35.0\driver-1.35.0.jar;C:\Users\DEERAJ KUMAR\.m2\repository\com\microsoft\playwright\driver-bundle\1.35.0\driver-bundle-1.35.0.jar;C:\Users\DEERAJ KUMAR\.m2\repository\org\testng\testng\7.7.0\testng-7.7.0.jar;C:\Users\DEERAJ KUMAR\.m2\repository\org\slf4j\slf4j-api\1.7.36\slf4j-api-1.7.36.jar;C:\Users\DEERAJ KUMAR\.m2\repository\com\beust\jcommander\1.82\jcommander-1.82.jar;C:\Users\DEERAJ KUMAR\.m2\repository\org\webjars\jquery\3.6.1\jquery-3.6.1.jar;C:\Users\DEERAJ KUMAR\.m2\repository\io\rest-assured\rest-assured\5.5.0\rest-assured-5.5.0.jar;C:\Users\DEERAJ KUMAR\.m2\repository\org\apache\groovy\groovy\4.0.22\groovy-4.0.22.jar;C:\Users\DEERAJ KUMAR\.m2\repository\org\apache\groovy\groovy-xml\4.0.22\groovy-xml-4.0.22.jar;C:\Users\DEERAJ KUMAR\.m2\repository\org\apache\httpcomponents\httpclient\4.5.13\httpclient-4.5.13.jar;C:\Users\DEERAJ KUMAR\.m2\repository\org\apache\httpcomponents\httpcore\4.4.13\httpcore-4.4.13.jar;C:\Users\DEERAJ KUMAR\.m2\repository\commons-logging\commons-logging\1.2\commons-logging-1.2.jar;C:\Users\DEERAJ KUMAR\.m2\repository\commons-codec\commons-codec\1.11\commons-codec-1.11.jar;C:\Users\DEERAJ KUMAR\.m2\repository\org\apache\httpcomponents\httpmime\4.5.13\httpmime-4.5.13.jar;C:\Users\DEERAJ KUMAR\.m2\repository\org\ccil\cowan\tagsoup\tagsoup\1.2.1\tagsoup-1.2.1.jar;C:\Users\DEERAJ KUMAR\.m2\repository\io\rest-assured\json-path\5.5.0\json-path-5.5.0.jar;C:\Users\DEERAJ KUMAR\.m2\repository\org\apache\groovy\groovy-json\4.0.22\groovy-json-4.0.22.jar;C:\Users\DEERAJ KUMAR\.m2\repository\io\rest-assured\rest-assured-common\5.5.0\rest-assured-common-5.5.0.jar;C:\Users\DEERAJ KUMAR\.m2\repository\io\rest-assured\xml-path\5.5.0\xml-path-5.5.0.jar;C:\Users\DEERAJ KUMAR\.m2\repository\org\apache\commons\commons-lang3\3.11\commons-lang3-3.11.jar;C:\Users\DEERAJ KUMAR\.m2\repository\org\hamcrest\hamcrest\3.0\hamcrest-3.0.jar;C:\Users\DEERAJ KUMAR\.m2\repository\io\cucumber\cucumber-java\7.20.1\cucumber-java-7.20.1.jar;C:\Users\DEERAJ KUMAR\.m2\repository\io\cucumber\cucumber-core\7.20.1\cucumber-core-7.20.1.jar;C:\Users\DEERAJ KUMAR\.m2\repository\io\cucumber\cucumber-gherkin\7.20.1\cucumber-gherkin-7.20.1.jar;C:\Users\DEERAJ KUMAR\.m2\repository\io\cucumber\cucumber-gherkin-messages\7.20.1\cucumber-gherkin-messages-7.20.1.jar;C:\Users\DEERAJ KUMAR\.m2\repository\io\cucumber\gherkin\28.0.0\gherkin-28.0.0.jar;C:\Users\DEERAJ KUMAR\.m2\repository\io\cucumber\messages\24.1.0\messages-24.1.0.jar;C:\Users\DEERAJ KUMAR\.m2\repository\io\cucumber\testng-xml-formatter\0.2.0\testng-xml-formatter-0.2.0.jar;C:\Users\DEERAJ KUMAR\.m2\repository\io\cucumber\query\12.2.0\query-12.2.0.jar;C:\Users\DEERAJ KUMAR\.m2\repository\io\cucumber\tag-expressions\6.1.0\tag-expressions-6.1.0.jar;C:\Users\DEERAJ KUMAR\.m2\repository\io\cucumber\cucumber-expressions\17.1.0\cucumber-expressions-17.1.0.jar;C:\Users\DEERAJ KUMAR\.m2\repository\io\cucumber\datatable\7.20.1\datatable-7.20.1.jar;C:\Users\DEERAJ KUMAR\.m2\repository\io\cucumber\cucumber-plugin\7.20.1\cucumber-plugin-7.20.1.jar;C:\Users\DEERAJ KUMAR\.m2\repository\io\cucumber\docstring\7.20.1\docstring-7.20.1.jar;C:\Users\DEERAJ KUMAR\.m2\repository\io\cucumber\html-formatter\21.7.0\html-formatter-21.7.0.jar;C:\Users\DEERAJ KUMAR\.m2\repository\io\cucumber\junit-xml-formatter\0.5.0\junit-xml-formatter-0.5.0.jar;C:\Users\DEERAJ KUMAR\.m2\repository\io\cucumber\ci-environment\10.0.1\ci-environment-10.0.1.jar;C:\Users\DEERAJ KUMAR\.m2\repository\org\apiguardian\apiguardian-api\1.1.2\apiguardian-api-1.1.2.jar;C:\Users\DEERAJ KUMAR\.m2\repository\io\cucumber\cucumber-junit\7.20.1\cucumber-junit-7.20.1.jar;C:\Users\DEERAJ KUMAR\.m2\repository\junit\junit\4.13.2\junit-4.13.2.jar;C:\Users\DEERAJ KUMAR\.m2\repository\org\hamcrest\hamcrest-core\1.3\hamcrest-core-1.3.jar;C:\Users\DEERAJ KUMAR\.m2\repository\com\fasterxml\jackson\core\jackson-databind\2.18.2\jackson-databind-2.18.2.jar;C:\Users\DEERAJ KUMAR\.m2\repository\com\fasterxml\jackson\core\jackson-annotations\2.18.2\jackson-annotations-2.18.2.jar;C:\Users\DEERAJ KUMAR\.m2\repository\com\fasterxml\jackson\core\jackson-core\2.18.2\jackson-core-2.18.2.jar;C:\Users\DEERAJ KUMAR\.m2\repository\org\codehaus\groovy\groovy\3.0.23\groovy-3.0.23.jar;"/>
    <property name="java.vm.vendor" value="Oracle Corporation"/>
    <property name="sun.arch.data.model" value="64"/>
    <property name="user.variant" value=""/>
    <property name="java.vendor.url" value="https://java.oracle.com/"/>
    <property name="user.timezone" value="Asia/Calcutta"/>
    <property name="os.name" value="Windows 11"/>
    <property name="java.vm.specification.version" value="19"/>
    <property name="sun.java.launcher" value="SUN_STANDARD"/>
    <property name="user.country" value="IN"/>
    <property name="sun.boot.library.path" value="C:\Program Files\Java\jdk-19\bin"/>
    <property name="sun.java.command" value="C:\Users\DEERAJ KUMAR\AppData\Local\Temp\surefire1750779920343751101\surefirebooter-20241229134411849_3.jar C:\Users\DEERAJ KUMAR\AppData\Local\Temp\surefire1750779920343751101 2024-12-29T13-44-11_706-jvmRun1 surefire-20241229134411849_1tmp surefire_0-20241229134411849_2tmp"/>
    <property name="jdk.debug" value="release"/>
    <property name="surefire.test.class.path" value="C:\Users\DEERAJ KUMAR\IdeaProjects\Api automation\target\test-classes;C:\Users\DEERAJ KUMAR\IdeaProjects\Api automation\target\classes;C:\Users\DEERAJ KUMAR\.m2\repository\com\microsoft\playwright\playwright\1.35.0\playwright-1.35.0.jar;C:\Users\DEERAJ KUMAR\.m2\repository\com\google\code\gson\gson\2.8.9\gson-2.8.9.jar;C:\Users\DEERAJ KUMAR\.m2\repository\org\opentest4j\opentest4j\1.2.0\opentest4j-1.2.0.jar;C:\Users\DEERAJ KUMAR\.m2\repository\com\microsoft\playwright\driver\1.35.0\driver-1.35.0.jar;C:\Users\DEERAJ KUMAR\.m2\repository\com\microsoft\playwright\driver-bundle\1.35.0\driver-bundle-1.35.0.jar;C:\Users\DEERAJ KUMAR\.m2\repository\org\testng\testng\7.7.0\testng-7.7.0.jar;C:\Users\DEERAJ KUMAR\.m2\repository\org\slf4j\slf4j-api\1.7.36\slf4j-api-1.7.36.jar;C:\Users\DEERAJ KUMAR\.m2\repository\com\beust\jcommander\1.82\jcommander-1.82.jar;C:\Users\DEERAJ KUMAR\.m2\repository\org\webjars\jquery\3.6.1\jquery-3.6.1.jar;C:\Users\DEERAJ KUMAR\.m2\repository\io\rest-assured\rest-assured\5.5.0\rest-assured-5.5.0.jar;C:\Users\DEERAJ KUMAR\.m2\repository\org\apache\groovy\groovy\4.0.22\groovy-4.0.22.jar;C:\Users\DEERAJ KUMAR\.m2\repository\org\apache\groovy\groovy-xml\4.0.22\groovy-xml-4.0.22.jar;C:\Users\DEERAJ KUMAR\.m2\repository\org\apache\httpcomponents\httpclient\4.5.13\httpclient-4.5.13.jar;C:\Users\DEERAJ KUMAR\.m2\repository\org\apache\httpcomponents\httpcore\4.4.13\httpcore-4.4.13.jar;C:\Users\DEERAJ KUMAR\.m2\repository\commons-logging\commons-logging\1.2\commons-logging-1.2.jar;C:\Users\DEERAJ KUMAR\.m2\repository\commons-codec\commons-codec\1.11\commons-codec-1.11.jar;C:\Users\DEERAJ KUMAR\.m2\repository\org\apache\httpcomponents\httpmime\4.5.13\httpmime-4.5.13.jar;C:\Users\DEERAJ KUMAR\.m2\repository\org\ccil\cowan\tagsoup\tagsoup\1.2.1\tagsoup-1.2.1.jar;C:\Users\DEERAJ KUMAR\.m2\repository\io\rest-assured\json-path\5.5.0\json-path-5.5.0.jar;C:\Users\DEERAJ KUMAR\.m2\repository\org\apache\groovy\groovy-json\4.0.22\groovy-json-4.0.22.jar;C:\Users\DEERAJ KUMAR\.m2\repository\io\rest-assured\rest-assured-common\5.5.0\rest-assured-common-5.5.0.jar;C:\Users\DEERAJ KUMAR\.m2\repository\io\rest-assured\xml-path\5.5.0\xml-path-5.5.0.jar;C:\Users\DEERAJ KUMAR\.m2\repository\org\apache\commons\commons-lang3\3.11\commons-lang3-3.11.jar;C:\Users\DEERAJ KUMAR\.m2\repository\org\hamcrest\hamcrest\3.0\hamcrest-3.0.jar;C:\Users\DEERAJ KUMAR\.m2\repository\io\cucumber\cucumber-java\7.20.1\cucumber-java-7.20.1.jar;C:\Users\DEERAJ KUMAR\.m2\repository\io\cucumber\cucumber-core\7.20.1\cucumber-core-7.20.1.jar;C:\Users\DEERAJ KUMAR\.m2\repository\io\cucumber\cucumber-gherkin\7.20.1\cucumber-gherkin-7.20.1.jar;C:\Users\DEERAJ KUMAR\.m2\repository\io\cucumber\cucumber-gherkin-messages\7.20.1\cucumber-gherkin-messages-7.20.1.jar;C:\Users\DEERAJ KUMAR\.m2\repository\io\cucumber\gherkin\28.0.0\gherkin-28.0.0.jar;C:\Users\DEERAJ KUMAR\.m2\repository\io\cucumber\messages\24.1.0\messages-24.1.0.jar;C:\Users\DEERAJ KUMAR\.m2\repository\io\cucumber\testng-xml-formatter\0.2.0\testng-xml-formatter-0.2.0.jar;C:\Users\DEERAJ KUMAR\.m2\repository\io\cucumber\query\12.2.0\query-12.2.0.jar;C:\Users\DEERAJ KUMAR\.m2\repository\io\cucumber\tag-expressions\6.1.0\tag-expressions-6.1.0.jar;C:\Users\DEERAJ KUMAR\.m2\repository\io\cucumber\cucumber-expressions\17.1.0\cucumber-expressions-17.1.0.jar;C:\Users\DEERAJ KUMAR\.m2\repository\io\cucumber\datatable\7.20.1\datatable-7.20.1.jar;C:\Users\DEERAJ KUMAR\.m2\repository\io\cucumber\cucumber-plugin\7.20.1\cucumber-plugin-7.20.1.jar;C:\Users\DEERAJ KUMAR\.m2\repository\io\cucumber\docstring\7.20.1\docstring-7.20.1.jar;C:\Users\DEERAJ KUMAR\.m2\repository\io\cucumber\html-formatter\21.7.0\html-formatter-21.7.0.jar;C:\Users\DEERAJ KUMAR\.m2\repository\io\cucumber\junit-xml-formatter\0.5.0\junit-xml-formatter-0.5.0.jar;C:\Users\DEERAJ KUMAR\.m2\repository\io\cucumber\ci-environment\10.0.1\ci-environment-10.0.1.jar;C:\Users\DEERAJ KUMAR\.m2\repository\org\apiguardian\apiguardian-api\1.1.2\apiguardian-api-1.1.2.jar;C:\Users\DEERAJ KUMAR\.m2\repository\io\cucumber\cucumber-junit\7.20.1\cucumber-junit-7.20.1.jar;C:\Users\DEERAJ KUMAR\.m2\repository\junit\junit\4.13.2\junit-4.13.2.jar;C:\Users\DEERAJ KUMAR\.m2\repository\org\hamcrest\hamcrest-core\1.3\hamcrest-core-1.3.jar;C:\Users\DEERAJ KUMAR\.m2\repository\com\fasterxml\jackson\core\jackson-databind\2.18.2\jackson-databind-2.18.2.jar;C:\Users\DEERAJ KUMAR\.m2\repository\com\fasterxml\jackson\core\jackson-annotations\2.18.2\jackson-annotations-2.18.2.jar;C:\Users\DEERAJ KUMAR\.m2\repository\com\fasterxml\jackson\core\jackson-core\2.18.2\jackson-core-2.18.2.jar;C:\Users\DEERAJ KUMAR\.m2\repository\org\codehaus\groovy\groovy\3.0.23\groovy-3.0.23.jar;"/>
    <property name="sun.cpu.endian" value="little"/>
    <property name="user.home" value="C:\Users\DEERAJ KUMAR"/>
    <property name="user.language" value="en"/>
    <property name="java.specification.vendor" value="Oracle Corporation"/>
    <property name="java.version.date" value="2022-10-18"/>
    <property name="java.home" value="C:\Program Files\Java\jdk-19"/>
    <property name="file.separator" value="\"/>
    <property name="basedir" value="C:\Users\DEERAJ KUMAR\IdeaProjects\Api automation"/>
    <property name="java.vm.compressedOopsMode" value="32-bit"/>
    <property name="line.separator" value="&#10;"/>
    <property name="java.vm.specification.vendor" value="Oracle Corporation"/>
    <property name="java.specification.name" value="Java Platform API Specification"/>
    <property name="surefire.real.class.path" value="C:\Users\DEERAJ KUMAR\AppData\Local\Temp\surefire1750779920343751101\surefirebooter-20241229134411849_3.jar"/>
    <property name="user.script" value=""/>
    <property name="sun.management.compiler" value="HotSpot 64-Bit Tiered Compilers"/>
    <property name="java.runtime.version" value="19.0.1+10-21"/>
    <property name="user.name" value="DEERAJ KUMAR"/>
    <property name="stdout.encoding" value="Cp1252"/>
    <property name="path.separator" value=";"/>
    <property name="os.version" value="10.0"/>
    <property name="java.runtime.name" value="Java(TM) SE Runtime Environment"/>
    <property name="file.encoding" value="UTF-8"/>
    <property name="java.vm.name" value="Java HotSpot(TM) 64-Bit Server VM"/>
    <property name="localRepository" value="C:\Users\DEERAJ KUMAR\.m2\repository"/>
    <property name="cucumber.options" value="--tags @deletePlace"/>
    <property name="java.vendor.url.bug" value="https://bugreport.java.com/bugreport/"/>
    <property name="java.io.tmpdir" value="C:\Users\DEERAJ~1\AppData\Local\Temp\"/>
    <property name="java.version" value="19.0.1"/>
    <property name="user.dir" value="C:\Users\DEERAJ KUMAR\IdeaProjects\Api automation"/>
    <property name="os.arch" value="amd64"/>
    <property name="java.vm.specification.name" value="Java Virtual Machine Specification"/>
    <property name="sun.os.patch.level" value=""/>
    <property name="native.encoding" value="Cp1252"/>
    <property name="java.library.path" value="C:\Program Files\Java\jdk-19\bin;C:\WINDOWS\Sun\Java\bin;C:\WINDOWS\system32;C:\WINDOWS;C:\oracle\product\10.2.0\db_5\bin;C:\Python310\Scripts\;C:\Python310\;C:\Program Files\Common Files\Oracle\Java\javapath;C:\Windows\system32;C:\Windows;C:\Windows\System32\Wbem;C:\Windows\System32\WindowsPowerShell\v1.0\;C:\Windows\System32\OpenSSH\;C:\Program Files (x86)\NVIDIA Corporation\PhysX\Common;C:\Program Files\NVIDIA Corporation\NVIDIA NvDLISR;C:\WINDOWS\system32;C:\WINDOWS;C:\WINDOWS\System32\Wbem;C:\WINDOWS\System32\WindowsPowerShell\v1.0\;C:\WINDOWS\System32\OpenSSH\;C:\Program Files\nodejs\;C:\ProgramData\chocolatey\bin;C:\Program Files\dotnet\;C:\Program Files\Java\jdk-19\bin;C:\Program Files\Intel\Intel(R) Memory and Storage Tool\;C:\apache-maven-3.9.3\bin;C:\Users\DEERAJ KUMAR\AppData\Local\Microsoft\WindowsApps;C:\Program Files\bin;C:\Users\DEERAJ KUMAR\AppData\Local\Programs\Microsoft VS Code\bin;C:\Users\DEERAJ KUMAR\AppData\Roaming\npm;C:\Program Files\MongoDB\Server\5.0\bin;;C:\Program Files\JetBrains\PyCharm Community Edition 2022.1\bin;;."/>
    <property name="java.vm.info" value="mixed mode, sharing"/>
    <property name="stderr.encoding" value="Cp1252"/>
    <property name="java.vendor" value="Oracle Corporation"/>
    <property name="java.vm.version" value="19.0.1+10-21"/>
    <property name="sun.io.unicode.encoding" value="UnicodeLittle"/>
    <property name="java.class.version" value="63.0"/>
  </properties>
</testsuite>